<?xml version="1.0" encoding="UTF-8"?>
<!-- Generated by org.testng.reporters.JUnitReportReporter -->
<testsuite hostname="DESKTOP-FEDTOVE" failures="0" tests="3" name="devops_Assign.AmazonCrossBrowserTest" time="24.180" errors="0" timestamp="2024-01-11T12:35:19 IST" skipped="0">
  <testcase classname="devops_Assign.AmazonCrossBrowserTest" name="browserTest" time="7.623"/>
  <system-out/>
  <testcase classname="devops_Assign.AmazonCrossBrowserTest" name="browserTest" time="4.621"/>
  <system-out/>
  <testcase classname="devops_Assign.AmazonCrossBrowserTest" name="browserTest" time="11.936"/>
  <system-out/>
</testsuite> <!-- devops_Assign.AmazonCrossBrowserTest -->
